  pch.cpp
  basicsample1.cpp
c:\dev\git\fusion3d\samples\basic\basicsample1\basicsample1.cpp(4): warning C4603: 'GLFW_INCLUDE_VULKAN': macro is not defined or definition is different after precompiled header use
  c:\dev\git\fusion3d\samples\basic\basicsample1\basicsample1.cpp(4): note: Add macro to precompiled header instead of defining here
  c:\dev\git\fusion3d\samples\basic\basicsample1\basicsample1.cpp(14): note: use of precompiled header
c:\dev\git\fusion3d\samples\basic\basicsample1\basicsample1.cpp(7): warning C4603: 'GLM_FORCE_RADIANS': macro is not defined or definition is different after precompiled header use
  c:\dev\git\fusion3d\samples\basic\basicsample1\basicsample1.cpp(7): note: Add macro to precompiled header instead of defining here
  c:\dev\git\fusion3d\samples\basic\basicsample1\basicsample1.cpp(14): note: use of precompiled header
c:\dev\git\fusion3d\samples\basic\basicsample1\basicsample1.cpp(8): warning C4603: 'GLM_FORCE_DEPTH_ZERO_TO_ONE': macro is not defined or definition is different after precompiled header use
  c:\dev\git\fusion3d\samples\basic\basicsample1\basicsample1.cpp(8): note: Add macro to precompiled header instead of defining here
  c:\dev\git\fusion3d\samples\basic\basicsample1\basicsample1.cpp(14): note: use of precompiled header
c:\dev\git\fusion3d\samples\basic\basicsample1\basicsample1.cpp(19): error C3861: 'glfwInit': identifier not found
c:\dev\git\fusion3d\samples\basic\basicsample1\basicsample1.cpp(21): error C2065: 'GLFW_CLIENT_API': undeclared identifier
c:\dev\git\fusion3d\samples\basic\basicsample1\basicsample1.cpp(21): error C2065: 'GLFW_NO_API': undeclared identifier
c:\dev\git\fusion3d\samples\basic\basicsample1\basicsample1.cpp(21): error C3861: 'glfwWindowHint': identifier not found
c:\dev\git\fusion3d\samples\basic\basicsample1\basicsample1.cpp(22): error C2065: 'GLFWwindow': undeclared identifier
c:\dev\git\fusion3d\samples\basic\basicsample1\basicsample1.cpp(22): error C2065: 'window': undeclared identifier
c:\dev\git\fusion3d\samples\basic\basicsample1\basicsample1.cpp(22): error C3861: 'glfwCreateWindow': identifier not found
c:\dev\git\fusion3d\samples\basic\basicsample1\basicsample1.cpp(25): error C3861: 'vkEnumerateInstanceExtensionProperties': identifier not found
c:\dev\git\fusion3d\samples\basic\basicsample1\basicsample1.cpp(29): error C2653: 'glm': is not a class or namespace name
c:\dev\git\fusion3d\samples\basic\basicsample1\basicsample1.cpp(29): error C2065: 'mat4': undeclared identifier
c:\dev\git\fusion3d\samples\basic\basicsample1\basicsample1.cpp(29): error C2146: syntax error: missing ';' before identifier 'matrix'
c:\dev\git\fusion3d\samples\basic\basicsample1\basicsample1.cpp(29): error C2065: 'matrix': undeclared identifier
c:\dev\git\fusion3d\samples\basic\basicsample1\basicsample1.cpp(30): error C2653: 'glm': is not a class or namespace name
c:\dev\git\fusion3d\samples\basic\basicsample1\basicsample1.cpp(30): error C2065: 'vec4': undeclared identifier
c:\dev\git\fusion3d\samples\basic\basicsample1\basicsample1.cpp(30): error C2146: syntax error: missing ';' before identifier 'vec'
c:\dev\git\fusion3d\samples\basic\basicsample1\basicsample1.cpp(30): error C2065: 'vec': undeclared identifier
c:\dev\git\fusion3d\samples\basic\basicsample1\basicsample1.cpp(31): error C2065: 'matrix': undeclared identifier
c:\dev\git\fusion3d\samples\basic\basicsample1\basicsample1.cpp(31): error C2065: 'vec': undeclared identifier
c:\dev\git\fusion3d\samples\basic\basicsample1\basicsample1.cpp(33): error C2065: 'window': undeclared identifier
c:\dev\git\fusion3d\samples\basic\basicsample1\basicsample1.cpp(33): error C3861: 'glfwWindowShouldClose': identifier not found
c:\dev\git\fusion3d\samples\basic\basicsample1\basicsample1.cpp(34): error C3861: 'glfwPollEvents': identifier not found
c:\dev\git\fusion3d\samples\basic\basicsample1\basicsample1.cpp(37): error C2065: 'window': undeclared identifier
c:\dev\git\fusion3d\samples\basic\basicsample1\basicsample1.cpp(37): error C3861: 'glfwDestroyWindow': identifier not found
c:\dev\git\fusion3d\samples\basic\basicsample1\basicsample1.cpp(39): error C3861: 'glfwTerminate': identifier not found
